0 verbose cli /usr/local/bin/node /usr/local/bin/npm
1 info using npm@10.1.0
2 info using node@v20.9.0
3 timing npm:load:whichnode Completed in 1ms
4 timing config:load:defaults Completed in 1ms
5 timing config:load:file:/usr/local/lib/node_modules/npm/npmrc Completed in 0ms
6 timing config:load:builtin Completed in 0ms
7 timing config:load:cli Completed in 2ms
8 timing config:load:env Completed in 1ms
9 timing config:load:project Completed in 14ms
10 timing config:load:file:/home/user/.npmrc Completed in 0ms
11 timing config:load:user Completed in 0ms
12 timing config:load:file:/usr/local/etc/npmrc Completed in 0ms
13 timing config:load:global Completed in 0ms
14 timing config:load:setEnvs Completed in 1ms
15 timing config:load Completed in 19ms
16 timing npm:load:configload Completed in 19ms
17 timing config:load:flatten Completed in 2ms
18 timing npm:load:mkdirpcache Completed in 0ms
19 timing npm:load:mkdirplogs Completed in 0ms
20 verbose title npm install surge
21 verbose argv "install" "--global" "surge"
22 timing npm:load:setTitle Completed in 1ms
23 timing npm:load:display Completed in 1ms
24 verbose logfile logs-max:10 dir:/home/user/.npm/_logs/2026-04-14T21_03_44_511Z-
25 verbose logfile /home/user/.npm/_logs/2026-04-14T21_03_44_511Z-debug-0.log
26 timing npm:load:logFile Completed in 6ms
27 timing npm:load:timers Completed in 0ms
28 timing npm:load:configScope Completed in 0ms
29 timing npm:load Completed in 44ms
30 timing config:load:flatten Completed in 1ms
31 timing arborist:ctor Completed in 1ms
32 silly logfile done cleaning log files
33 timing idealTree:init Completed in 5ms
34 timing idealTree:userRequests Completed in 1ms
35 silly idealTree buildDeps
36 silly fetch manifest surge@*
37 http fetch GET 200 https://registry.npmjs.org/surge 137ms (cache miss)
38 silly placeDep ROOT surge@0.27.3 OK for:  want: *
39 silly fetch manifest axios@1.13.5
40 silly fetch manifest babar@0.2.3
41 silly fetch manifest cli-table3@0.6.5
42 silly fetch manifest colors@1.4.0
43 silly fetch manifest human-readable-numbers@0.9.5
44 silly fetch manifest ignore@7.0.5
45 silly fetch manifest is-domain@0.0.1
46 silly fetch manifest prompts@2.4.2
47 silly fetch manifest minimist@1.2.8
48 silly fetch manifest moniker@0.1.2
49 silly fetch manifest netrc@0.1.4
50 silly fetch manifest progress@2.0.3
51 silly fetch manifest read@1.0.5
52 silly fetch manifest surge-ignore@0.3.0
53 silly fetch manifest surge-sdk@0.10.1
54 silly fetch manifest surge-stream@0.10.1
55 silly fetch manifest url-parse-as-address@1.0.0
56 silly fetch manifest xbytes@1.9.1
57 http fetch GET 200 https://registry.npmjs.org/babar 107ms (cache miss)
58 http fetch GET 200 https://registry.npmjs.org/axios 114ms (cache miss)
59 http fetch GET 200 https://registry.npmjs.org/surge-ignore 147ms (cache miss)
60 http fetch GET 200 https://registry.npmjs.org/is-domain 191ms (cache miss)
61 http fetch GET 200 https://registry.npmjs.org/progress 190ms (cache miss)
62 http fetch GET 200 https://registry.npmjs.org/minimist 193ms (cache miss)
63 http fetch GET 200 https://registry.npmjs.org/moniker 193ms (cache miss)
64 http fetch GET 200 https://registry.npmjs.org/read 192ms (cache miss)
65 http fetch GET 200 https://registry.npmjs.org/netrc 194ms (cache miss)
66 http fetch GET 200 https://registry.npmjs.org/url-parse-as-address 194ms (cache miss)
67 http fetch GET 200 https://registry.npmjs.org/colors 200ms (cache miss)
68 http fetch GET 200 https://registry.npmjs.org/human-readable-numbers 200ms (cache miss)
69 http fetch GET 200 https://registry.npmjs.org/cli-table3 202ms (cache miss)
70 http fetch GET 200 https://registry.npmjs.org/surge-sdk 200ms (cache miss)
71 http fetch GET 200 https://registry.npmjs.org/prompts 203ms (cache miss)
72 http fetch GET 200 https://registry.npmjs.org/xbytes 201ms (cache miss)
73 http fetch GET 200 https://registry.npmjs.org/surge-stream 203ms (cache miss)
74 http fetch GET 200 https://registry.npmjs.org/npm 407ms (cache miss)
75 http fetch GET 200 https://registry.npmjs.org/ignore 244ms (cache miss)
76 timing idealTree:#root Completed in 393ms
77 silly placeDep node_modules/surge axios@1.13.5 OK for: surge@0.27.3 want: 1.13.5
78 silly fetch manifest form-data@^4.0.5
79 silly fetch manifest proxy-from-env@^1.1.0
80 silly fetch manifest follow-redirects@^1.15.11
81 silly placeDep node_modules/surge babar@0.2.3 OK for: surge@0.27.3 want: 0.2.3
82 silly fetch manifest colors@~1.4.0
83 silly placeDep node_modules/surge cli-table3@0.6.5 OK for: surge@0.27.3 want: 0.6.5
84 silly fetch manifest string-width@^4.2.0
85 silly fetch manifest @colors/colors@1.5.0
86 silly placeDep node_modules/surge colors@1.4.0 OK for: surge@0.27.3 want: 1.4.0
87 silly placeDep node_modules/surge human-readable-numbers@0.9.5 OK for: surge@0.27.3 want: 0.9.5
88 silly placeDep node_modules/surge ignore@7.0.5 OK for: surge@0.27.3 want: 7.0.5
89 silly placeDep node_modules/surge is-domain@0.0.1 OK for: surge@0.27.3 want: 0.0.1
90 silly placeDep node_modules/surge minimist@1.2.8 OK for: surge@0.27.3 want: 1.2.8
91 silly placeDep node_modules/surge moniker@0.1.2 OK for: surge@0.27.3 want: 0.1.2
92 silly placeDep node_modules/surge netrc@0.1.4 OK for: surge@0.27.3 want: 0.1.4
93 silly placeDep node_modules/surge progress@2.0.3 OK for: surge@0.27.3 want: 2.0.3
94 silly placeDep node_modules/surge prompts@2.4.2 OK for: surge@0.27.3 want: 2.4.2
95 silly fetch manifest kleur@^3.0.3
96 silly fetch manifest sisteransi@^1.0.5
97 silly placeDep node_modules/surge read@1.0.5 OK for: surge@0.27.3 want: 1.0.5
98 silly fetch manifest mute-stream@~0.0.4
99 silly placeDep node_modules/surge surge-ignore@0.3.0 OK for: surge@0.27.3 want: 0.3.0
100 silly placeDep node_modules/surge surge-sdk@0.10.1 OK for: surge@0.27.3 want: 0.10.1
101 silly placeDep node_modules/surge surge-stream@0.10.1 OK for: surge@0.27.3 want: 0.10.1
102 silly fetch manifest split@1.0.1
103 silly fetch manifest tar@7.5.9
104 silly placeDep node_modules/surge url-parse-as-address@1.0.0 OK for: surge@0.27.3 want: 1.0.0
105 silly placeDep node_modules/surge xbytes@1.9.1 OK for: surge@0.27.3 want: 1.9.1
106 http fetch GET 200 https://registry.npmjs.org/proxy-from-env 97ms (cache miss)
107 http fetch GET 200 https://registry.npmjs.org/mute-stream 84ms (cache miss)
108 http fetch GET 200 https://registry.npmjs.org/string-width 98ms (cache miss)
109 http fetch GET 200 https://registry.npmjs.org/@colors%2fcolors 98ms (cache miss)
110 http fetch GET 200 https://registry.npmjs.org/sisteransi 89ms (cache miss)
111 http fetch GET 200 https://registry.npmjs.org/form-data 105ms (cache miss)
112 http fetch GET 200 https://registry.npmjs.org/kleur 92ms (cache miss)
113 http fetch GET 200 https://registry.npmjs.org/follow-redirects 107ms (cache miss)
114 http fetch GET 200 https://registry.npmjs.org/split 89ms (cache miss)
115 http fetch GET 200 https://registry.npmjs.org/tar 89ms (cache miss)
116 timing idealTree:node_modules/surge Completed in 125ms
117 silly placeDep node_modules/surge follow-redirects@1.16.0 OK for: axios@1.13.5 want: ^1.15.11
118 silly placeDep node_modules/surge form-data@4.0.5 OK for: axios@1.13.5 want: ^4.0.5
119 silly fetch manifest asynckit@^0.4.0
120 silly fetch manifest combined-stream@^1.0.8
121 silly fetch manifest es-set-tostringtag@^2.1.0
122 silly fetch manifest hasown@^2.0.2
123 silly fetch manifest mime-types@^2.1.12
124 silly placeDep node_modules/surge proxy-from-env@1.1.0 OK for: axios@1.13.5 want: ^1.1.0
125 http fetch GET 200 https://registry.npmjs.org/asynckit 44ms (cache miss)
126 http fetch GET 200 https://registry.npmjs.org/mime-types 43ms (cache miss)
127 http fetch GET 200 https://registry.npmjs.org/hasown 49ms (cache miss)
128 http fetch GET 200 https://registry.npmjs.org/es-set-tostringtag 61ms (cache miss)
129 http fetch GET 200 https://registry.npmjs.org/combined-stream 95ms (cache miss)
130 timing idealTree:node_modules/surge/node_modules/axios Completed in 100ms
131 timing idealTree:node_modules/surge/node_modules/babar Completed in 0ms
132 silly placeDep node_modules/surge @colors/colors@1.5.0 OK for: cli-table3@0.6.5 want: 1.5.0
133 silly placeDep node_modules/surge string-width@4.2.3 OK for: cli-table3@0.6.5 want: ^4.2.0
134 silly fetch manifest strip-ansi@^6.0.1
135 silly fetch manifest emoji-regex@^8.0.0
136 silly fetch manifest is-fullwidth-code-point@^3.0.0
137 http fetch GET 200 https://registry.npmjs.org/strip-ansi 46ms (cache miss)
138 http fetch GET 200 https://registry.npmjs.org/is-fullwidth-code-point 46ms (cache miss)
139 http fetch GET 200 https://registry.npmjs.org/emoji-regex 46ms (cache miss)
140 timing idealTree:node_modules/surge/node_modules/cli-table3 Completed in 52ms
141 timing idealTree:node_modules/surge/node_modules/@colors/colors Completed in 0ms
142 timing idealTree:node_modules/surge/node_modules/colors Completed in 0ms
143 timing idealTree:node_modules/surge/node_modules/follow-redirects Completed in 0ms
144 silly placeDep node_modules/surge asynckit@0.4.0 OK for: form-data@4.0.5 want: ^0.4.0
145 silly placeDep node_modules/surge combined-stream@1.0.8 OK for: form-data@4.0.5 want: ^1.0.8
146 silly fetch manifest delayed-stream@~1.0.0
147 silly placeDep node_modules/surge es-set-tostringtag@2.1.0 OK for: form-data@4.0.5 want: ^2.1.0
148 silly fetch manifest es-errors@^1.3.0
149 silly fetch manifest get-intrinsic@^1.2.6
150 silly fetch manifest has-tostringtag@^1.0.2
151 silly placeDep node_modules/surge hasown@2.0.2 OK for: form-data@4.0.5 want: ^2.0.2
152 silly fetch manifest function-bind@^1.1.2
153 silly placeDep node_modules/surge mime-types@2.1.35 OK for: form-data@4.0.5 want: ^2.1.12
154 silly fetch manifest mime-db@1.52.0
155 http fetch GET 200 https://registry.npmjs.org/delayed-stream 40ms (cache miss)
156 http fetch GET 200 https://registry.npmjs.org/function-bind 38ms (cache miss)
157 http fetch GET 200 https://registry.npmjs.org/get-intrinsic 40ms (cache miss)
158 http fetch GET 200 https://registry.npmjs.org/has-tostringtag 46ms (cache miss)
159 http fetch GET 200 https://registry.npmjs.org/mime-db 44ms (cache miss)
160 http fetch GET 200 https://registry.npmjs.org/es-errors 173ms (cache miss)
161 timing idealTree:node_modules/surge/node_modules/form-data Completed in 187ms
162 timing idealTree:node_modules/surge/node_modules/asynckit Completed in 0ms
163 silly placeDep node_modules/surge delayed-stream@1.0.0 OK for: combined-stream@1.0.8 want: ~1.0.0
164 timing idealTree:node_modules/surge/node_modules/combined-stream Completed in 1ms
165 timing idealTree:node_modules/surge/node_modules/delayed-stream Completed in 0ms
166 silly placeDep node_modules/surge es-errors@1.3.0 OK for: es-set-tostringtag@2.1.0 want: ^1.3.0
167 silly placeDep node_modules/surge get-intrinsic@1.3.0 OK for: es-set-tostringtag@2.1.0 want: ^1.2.6
168 silly fetch manifest gopd@^1.2.0
169 silly fetch manifest get-proto@^1.0.1
170 silly fetch manifest has-symbols@^1.1.0
171 silly fetch manifest es-object-atoms@^1.1.1
172 silly fetch manifest math-intrinsics@^1.1.0
173 silly fetch manifest es-define-property@^1.0.1
174 silly fetch manifest call-bind-apply-helpers@^1.0.2
175 silly placeDep node_modules/surge has-tostringtag@1.0.2 OK for: es-set-tostringtag@2.1.0 want: ^1.0.2
176 silly fetch manifest has-symbols@^1.0.3
177 http fetch GET 200 https://registry.npmjs.org/has-symbols 42ms (cache miss)
178 http fetch GET 200 https://registry.npmjs.org/gopd 44ms (cache miss)
179 http fetch GET 200 https://registry.npmjs.org/call-bind-apply-helpers 41ms (cache miss)
180 http fetch GET 200 https://registry.npmjs.org/has-symbols 44ms (cache miss)
181 http fetch GET 200 https://registry.npmjs.org/math-intrinsics 49ms (cache miss)
182 http fetch GET 200 https://registry.npmjs.org/get-proto 51ms (cache miss)
183 http fetch GET 200 https://registry.npmjs.org/es-object-atoms 93ms (cache miss)
184 http fetch GET 200 https://registry.npmjs.org/es-define-property 92ms (cache miss)
185 timing idealTree:node_modules/surge/node_modules/es-set-tostringtag Completed in 99ms
186 timing idealTree:node_modules/surge/node_modules/es-errors Completed in 0ms
187 silly placeDep node_modules/surge call-bind-apply-helpers@1.0.2 OK for: get-intrinsic@1.3.0 want: ^1.0.2
188 silly placeDep node_modules/surge es-define-property@1.0.1 OK for: get-intrinsic@1.3.0 want: ^1.0.1
189 silly placeDep node_modules/surge es-object-atoms@1.1.1 OK for: get-intrinsic@1.3.0 want: ^1.1.1
190 silly placeDep node_modules/surge function-bind@1.1.2 OK for: get-intrinsic@1.3.0 want: ^1.1.2
191 silly placeDep node_modules/surge get-proto@1.0.1 OK for: get-intrinsic@1.3.0 want: ^1.0.1
192 silly fetch manifest dunder-proto@^1.0.1
193 silly placeDep node_modules/surge gopd@1.2.0 OK for: get-intrinsic@1.3.0 want: ^1.2.0
194 silly placeDep node_modules/surge has-symbols@1.1.0 OK for: get-intrinsic@1.3.0 want: ^1.1.0
195 silly placeDep node_modules/surge math-intrinsics@1.1.0 OK for: get-intrinsic@1.3.0 want: ^1.1.0
196 http fetch GET 200 https://registry.npmjs.org/dunder-proto 51ms (cache miss)
197 timing idealTree:node_modules/surge/node_modules/get-intrinsic Completed in 59ms
198 timing idealTree:node_modules/surge/node_modules/call-bind-apply-helpers Completed in 0ms
199 timing idealTree:node_modules/surge/node_modules/es-define-property Completed in 0ms
200 timing idealTree:node_modules/surge/node_modules/es-object-atoms Completed in 0ms
201 timing idealTree:node_modules/surge/node_modules/function-bind Completed in 0ms
202 silly placeDep node_modules/surge dunder-proto@1.0.1 OK for: get-proto@1.0.1 want: ^1.0.1
203 timing idealTree:node_modules/surge/node_modules/get-proto Completed in 2ms
204 timing idealTree:node_modules/surge/node_modules/dunder-proto Completed in 0ms
205 timing idealTree:node_modules/surge/node_modules/gopd Completed in 0ms
206 timing idealTree:node_modules/surge/node_modules/has-symbols Completed in 0ms
207 timing idealTree:node_modules/surge/node_modules/has-tostringtag Completed in 0ms
208 timing idealTree:node_modules/surge/node_modules/hasown Completed in 0ms
209 timing idealTree:node_modules/surge/node_modules/human-readable-numbers Completed in 0ms
210 timing idealTree:node_modules/surge/node_modules/ignore Completed in 0ms
211 timing idealTree:node_modules/surge/node_modules/is-domain Completed in 0ms
212 timing idealTree:node_modules/surge/node_modules/math-intrinsics Completed in 0ms
213 silly placeDep node_modules/surge mime-db@1.52.0 OK for: mime-types@2.1.35 want: 1.52.0
214 timing idealTree:node_modules/surge/node_modules/mime-types Completed in 2ms
215 timing idealTree:node_modules/surge/node_modules/mime-db Completed in 0ms
216 timing idealTree:node_modules/surge/node_modules/minimist Completed in 0ms
217 timing idealTree:node_modules/surge/node_modules/moniker Completed in 0ms
218 timing idealTree:node_modules/surge/node_modules/netrc Completed in 0ms
219 timing idealTree:node_modules/surge/node_modules/progress Completed in 0ms
220 silly placeDep node_modules/surge kleur@3.0.3 OK for: prompts@2.4.2 want: ^3.0.3
221 silly placeDep node_modules/surge sisteransi@1.0.5 OK for: prompts@2.4.2 want: ^1.0.5
222 timing idealTree:node_modules/surge/node_modules/prompts Completed in 2ms
223 timing idealTree:node_modules/surge/node_modules/kleur Completed in 0ms
224 timing idealTree:node_modules/surge/node_modules/proxy-from-env Completed in 0ms
225 silly placeDep node_modules/surge mute-stream@0.0.8 OK for: read@1.0.5 want: ~0.0.4
226 timing idealTree:node_modules/surge/node_modules/read Completed in 1ms
227 timing idealTree:node_modules/surge/node_modules/mute-stream Completed in 0ms
228 timing idealTree:node_modules/surge/node_modules/sisteransi Completed in 0ms
229 silly placeDep node_modules/surge emoji-regex@8.0.0 OK for: string-width@4.2.3 want: ^8.0.0
230 silly placeDep node_modules/surge is-fullwidth-code-point@3.0.0 OK for: string-width@4.2.3 want: ^3.0.0
231 silly placeDep node_modules/surge strip-ansi@6.0.1 OK for: string-width@4.2.3 want: ^6.0.1
232 silly fetch manifest ansi-regex@^5.0.1
233 http fetch GET 200 https://registry.npmjs.org/ansi-regex 30ms (cache miss)
234 timing idealTree:node_modules/surge/node_modules/string-width Completed in 33ms
235 timing idealTree:node_modules/surge/node_modules/emoji-regex Completed in 0ms
236 timing idealTree:node_modules/surge/node_modules/is-fullwidth-code-point Completed in 0ms
237 silly placeDep node_modules/surge ansi-regex@5.0.1 OK for: strip-ansi@6.0.1 want: ^5.0.1
238 timing idealTree:node_modules/surge/node_modules/strip-ansi Completed in 1ms
239 timing idealTree:node_modules/surge/node_modules/ansi-regex Completed in 0ms
240 timing idealTree:node_modules/surge/node_modules/surge-ignore Completed in 0ms
241 timing idealTree:node_modules/surge/node_modules/surge-sdk Completed in 0ms
242 silly placeDep node_modules/surge split@1.0.1 OK for: surge-stream@0.10.1 want: 1.0.1
243 silly fetch manifest through@2
244 silly placeDep node_modules/surge tar@7.5.9 OK for: surge-stream@0.10.1 want: 7.5.9
245 silly fetch manifest chownr@^3.0.0
246 silly fetch manifest yallist@^5.0.0
247 silly fetch manifest minipass@^7.1.2
248 silly fetch manifest minizlib@^3.1.0
249 silly fetch manifest @isaacs/fs-minipass@^4.0.0
250 http fetch GET 200 https://registry.npmjs.org/through 61ms (cache miss)
251 http fetch GET 200 https://registry.npmjs.org/yallist 61ms (cache miss)
252 http fetch GET 200 https://registry.npmjs.org/chownr 61ms (cache miss)
253 http fetch GET 200 https://registry.npmjs.org/@isaacs%2ffs-minipass 59ms (cache miss)
254 http fetch GET 200 https://registry.npmjs.org/minizlib 62ms (cache miss)
255 http fetch GET 200 https://registry.npmjs.org/minipass 64ms (cache miss)
256 timing idealTree:node_modules/surge/node_modules/surge-stream Completed in 69ms
257 silly placeDep node_modules/surge through@2.3.8 OK for: split@1.0.1 want: 2
258 timing idealTree:node_modules/surge/node_modules/split Completed in 5ms
259 silly placeDep node_modules/surge @isaacs/fs-minipass@4.0.1 OK for: tar@7.5.9 want: ^4.0.0
260 silly fetch manifest minipass@^7.0.4
261 silly placeDep node_modules/surge chownr@3.0.0 OK for: tar@7.5.9 want: ^3.0.0
262 silly placeDep node_modules/surge minipass@7.1.3 OK for: tar@7.5.9 want: ^7.1.2
263 silly placeDep node_modules/surge minizlib@3.1.0 OK for: tar@7.5.9 want: ^3.1.0
264 silly placeDep node_modules/surge yallist@5.0.0 OK for: tar@7.5.9 want: ^5.0.0
265 timing idealTree:node_modules/surge/node_modules/tar Completed in 5ms
266 timing idealTree:node_modules/surge/node_modules/@isaacs/fs-minipass Completed in 0ms
267 timing idealTree:node_modules/surge/node_modules/chownr Completed in 0ms
268 timing idealTree:node_modules/surge/node_modules/minipass Completed in 0ms
269 timing idealTree:node_modules/surge/node_modules/minizlib Completed in 0ms
270 timing idealTree:node_modules/surge/node_modules/through Completed in 0ms
271 timing idealTree:node_modules/surge/node_modules/url-parse-as-address Completed in 0ms
272 timing idealTree:node_modules/surge/node_modules/xbytes Completed in 0ms
273 timing idealTree:node_modules/surge/node_modules/yallist Completed in 0ms
274 timing idealTree:buildDeps Completed in 1142ms
275 timing idealTree:fixDepFlags Completed in 2ms
276 timing idealTree Completed in 1151ms
277 timing reify:loadTrees Completed in 1153ms
278 timing reify:diffTrees Completed in 2ms
279 silly reify moves {}
280 timing reify:retireShallow Completed in 0ms
281 timing reify:createSparse Completed in 4ms
282 timing reify:loadBundles Completed in 0ms
283 silly tarball no local data for yallist@https://registry.npmjs.org/yallist/-/yallist-5.0.0.tgz. Extracting by manifest.
284 silly tarball no local data for minizlib@https://registry.npmjs.org/minizlib/-/minizlib-3.1.0.tgz. Extracting by manifest.
285 silly tarball no local data for minipass@https://registry.npmjs.org/minipass/-/minipass-7.1.3.tgz. Extracting by manifest.
286 silly tarball no local data for chownr@https://registry.npmjs.org/chownr/-/chownr-3.0.0.tgz. Extracting by manifest.
287 silly tarball no local data for @isaacs/fs-minipass@https://registry.npmjs.org/@isaacs/fs-minipass/-/fs-minipass-4.0.1.tgz. Extracting by manifest.
288 silly tarball no local data for through@https://registry.npmjs.org/through/-/through-2.3.8.tgz. Extracting by manifest.
289 silly tarball no local data for tar@https://registry.npmjs.org/tar/-/tar-7.5.9.tgz. Extracting by manifest.
290 silly tarball no local data for split@https://registry.npmjs.org/split/-/split-1.0.1.tgz. Extracting by manifest.
291 silly tarball no local data for ansi-regex@https://registry.npmjs.org/ansi-regex/-/ansi-regex-5.0.1.tgz. Extracting by manifest.
292 silly tarball no local data for strip-ansi@https://registry.npmjs.org/strip-ansi/-/strip-ansi-6.0.1.tgz. Extracting by manifest.
293 silly tarball no local data for is-fullwidth-code-point@https://registry.npmjs.org/is-fullwidth-code-point/-/is-fullwidth-code-point-3.0.0.tgz. Extracting by manifest.
294 silly tarball no local data for emoji-regex@https://registry.npmjs.org/emoji-regex/-/emoji-regex-8.0.0.tgz. Extracting by manifest.
295 silly tarball no local data for mute-stream@https://registry.npmjs.org/mute-stream/-/mute-stream-0.0.8.tgz. Extracting by manifest.
296 silly tarball no local data for kleur@https://registry.npmjs.org/kleur/-/kleur-3.0.3.tgz. Extracting by manifest.
297 silly tarball no local data for mime-db@https://registry.npmjs.org/mime-db/-/mime-db-1.52.0.tgz. Extracting by manifest.
298 silly tarball no local data for dunder-proto@https://registry.npmjs.org/dunder-proto/-/dunder-proto-1.0.1.tgz. Extracting by manifest.
299 silly tarball no local data for sisteransi@https://registry.npmjs.org/sisteransi/-/sisteransi-1.0.5.tgz. Extracting by manifest.
300 silly tarball no local data for math-intrinsics@https://registry.npmjs.org/math-intrinsics/-/math-intrinsics-1.1.0.tgz. Extracting by manifest.
301 silly tarball no local data for has-symbols@https://registry.npmjs.org/has-symbols/-/has-symbols-1.1.0.tgz. Extracting by manifest.
302 silly tarball no local data for gopd@https://registry.npmjs.org/gopd/-/gopd-1.2.0.tgz. Extracting by manifest.
303 silly tarball no local data for get-proto@https://registry.npmjs.org/get-proto/-/get-proto-1.0.1.tgz. Extracting by manifest.
304 silly tarball no local data for function-bind@https://registry.npmjs.org/function-bind/-/function-bind-1.1.2.tgz. Extracting by manifest.
305 silly tarball no local data for es-object-atoms@https://registry.npmjs.org/es-object-atoms/-/es-object-atoms-1.1.1.tgz. Extracting by manifest.
306 silly tarball no local data for es-define-property@https://registry.npmjs.org/es-define-property/-/es-define-property-1.0.1.tgz. Extracting by manifest.
307 silly tarball no local data for call-bind-apply-helpers@https://registry.npmjs.org/call-bind-apply-helpers/-/call-bind-apply-helpers-1.0.2.tgz. Extracting by manifest.
308 silly tarball no local data for has-tostringtag@https://registry.npmjs.org/has-tostringtag/-/has-tostringtag-1.0.2.tgz. Extracting by manifest.
309 silly tarball no local data for get-intrinsic@https://registry.npmjs.org/get-intrinsic/-/get-intrinsic-1.3.0.tgz. Extracting by manifest.
310 silly tarball no local data for delayed-stream@https://registry.npmjs.org/delayed-stream/-/delayed-stream-1.0.0.tgz. Extracting by manifest.
311 silly tarball no local data for mime-types@https://registry.npmjs.org/mime-types/-/mime-types-2.1.35.tgz. Extracting by manifest.
312 silly tarball no local data for es-errors@https://registry.npmjs.org/es-errors/-/es-errors-1.3.0.tgz. Extracting by manifest.
313 silly tarball no local data for hasown@https://registry.npmjs.org/hasown/-/hasown-2.0.2.tgz. Extracting by manifest.
314 silly tarball no local data for es-set-tostringtag@https://registry.npmjs.org/es-set-tostringtag/-/es-set-tostringtag-2.1.0.tgz. Extracting by manifest.
315 silly tarball no local data for combined-stream@https://registry.npmjs.org/combined-stream/-/combined-stream-1.0.8.tgz. Extracting by manifest.
316 silly tarball no local data for asynckit@https://registry.npmjs.org/asynckit/-/asynckit-0.4.0.tgz. Extracting by manifest.
317 silly tarball no local data for string-width@https://registry.npmjs.org/string-width/-/string-width-4.2.3.tgz. Extracting by manifest.
318 silly tarball no local data for @colors/colors@https://registry.npmjs.org/@colors/colors/-/colors-1.5.0.tgz. Extracting by manifest.
319 silly tarball no local data for proxy-from-env@https://registry.npmjs.org/proxy-from-env/-/proxy-from-env-1.1.0.tgz. Extracting by manifest.
320 silly tarball no local data for form-data@https://registry.npmjs.org/form-data/-/form-data-4.0.5.tgz. Extracting by manifest.
321 silly tarball no local data for follow-redirects@https://registry.npmjs.org/follow-redirects/-/follow-redirects-1.16.0.tgz. Extracting by manifest.
322 silly tarball no local data for xbytes@https://registry.npmjs.org/xbytes/-/xbytes-1.9.1.tgz. Extracting by manifest.
323 silly tarball no local data for surge-stream@https://registry.npmjs.org/surge-stream/-/surge-stream-0.10.1.tgz. Extracting by manifest.
324 silly tarball no local data for url-parse-as-address@https://registry.npmjs.org/url-parse-as-address/-/url-parse-as-address-1.0.0.tgz. Extracting by manifest.
325 silly tarball no local data for surge-sdk@https://registry.npmjs.org/surge-sdk/-/surge-sdk-0.10.1.tgz. Extracting by manifest.
326 silly tarball no local data for surge-ignore@https://registry.npmjs.org/surge-ignore/-/surge-ignore-0.3.0.tgz. Extracting by manifest.
327 silly tarball no local data for read@https://registry.npmjs.org/read/-/read-1.0.5.tgz. Extracting by manifest.
328 silly tarball no local data for prompts@https://registry.npmjs.org/prompts/-/prompts-2.4.2.tgz. Extracting by manifest.
329 silly tarball no local data for progress@https://registry.npmjs.org/progress/-/progress-2.0.3.tgz. Extracting by manifest.
330 silly tarball no local data for netrc@https://registry.npmjs.org/netrc/-/netrc-0.1.4.tgz. Extracting by manifest.
331 silly tarball no local data for moniker@https://registry.npmjs.org/moniker/-/moniker-0.1.2.tgz. Extracting by manifest.
332 silly tarball no local data for minimist@https://registry.npmjs.org/minimist/-/minimist-1.2.8.tgz. Extracting by manifest.
333 silly tarball no local data for is-domain@https://registry.npmjs.org/is-domain/-/is-domain-0.0.1.tgz. Extracting by manifest.
334 silly tarball no local data for ignore@https://registry.npmjs.org/ignore/-/ignore-7.0.5.tgz. Extracting by manifest.
335 silly tarball no local data for human-readable-numbers@https://registry.npmjs.org/human-readable-numbers/-/human-readable-numbers-0.9.5.tgz. Extracting by manifest.
336 silly tarball no local data for colors@https://registry.npmjs.org/colors/-/colors-1.4.0.tgz. Extracting by manifest.
337 silly tarball no local data for cli-table3@https://registry.npmjs.org/cli-table3/-/cli-table3-0.6.5.tgz. Extracting by manifest.
338 silly tarball no local data for babar@https://registry.npmjs.org/babar/-/babar-0.2.3.tgz. Extracting by manifest.
339 silly tarball no local data for axios@https://registry.npmjs.org/axios/-/axios-1.13.5.tgz. Extracting by manifest.
340 silly tarball no local data for surge@https://registry.npmjs.org/surge/-/surge-0.27.3.tgz. Extracting by manifest.
341 http fetch GET 200 https://registry.npmjs.org/ansi-regex/-/ansi-regex-5.0.1.tgz 422ms (cache miss)
342 timing reifyNode:node_modules/surge/node_modules/ansi-regex Completed in 460ms
343 http fetch GET 200 https://registry.npmjs.org/is-fullwidth-code-point/-/is-fullwidth-code-point-3.0.0.tgz 411ms (cache miss)
344 timing reifyNode:node_modules/surge/node_modules/is-fullwidth-code-point Completed in 468ms
345 http fetch GET 200 https://registry.npmjs.org/mute-stream/-/mute-stream-0.0.8.tgz 428ms (cache miss)
346 timing reifyNode:node_modules/surge/node_modules/mute-stream Completed in 488ms
347 http fetch GET 200 https://registry.npmjs.org/strip-ansi/-/strip-ansi-6.0.1.tgz 449ms (cache miss)
348 timing reifyNode:node_modules/surge/node_modules/strip-ansi Completed in 488ms
349 http fetch GET 200 https://registry.npmjs.org/kleur/-/kleur-3.0.3.tgz 437ms (cache miss)
350 timing reifyNode:node_modules/surge/node_modules/kleur Completed in 498ms
351 http fetch GET 200 https://registry.npmjs.org/sisteransi/-/sisteransi-1.0.5.tgz 428ms (cache miss)
352 timing reifyNode:node_modules/surge/node_modules/sisteransi Completed in 499ms
353 http fetch GET 200 https://registry.npmjs.org/combined-stream/-/combined-stream-1.0.8.tgz 413ms (cache miss)
354 timing reifyNode:node_modules/surge/node_modules/combined-stream Completed in 504ms
355 http fetch GET 200 https://registry.npmjs.org/get-proto/-/get-proto-1.0.1.tgz 437ms (cache miss)
356 http fetch GET 200 https://registry.npmjs.org/es-define-property/-/es-define-property-1.0.1.tgz 436ms (cache miss)
357 timing reifyNode:node_modules/surge/node_modules/es-define-property Completed in 515ms
358 http fetch GET 200 https://registry.npmjs.org/emoji-regex/-/emoji-regex-8.0.0.tgz 457ms (cache miss)
359 timing reifyNode:node_modules/surge/node_modules/emoji-regex Completed in 515ms
360 http fetch GET 200 https://registry.npmjs.org/split/-/split-1.0.1.tgz 478ms (cache miss)
361 timing reifyNode:node_modules/surge/node_modules/split Completed in 516ms
362 http fetch GET 200 https://registry.npmjs.org/through/-/through-2.3.8.tgz 480ms (cache miss)
363 timing reifyNode:node_modules/surge/node_modules/through Completed in 516ms
364 http fetch GET 200 https://registry.npmjs.org/mime-types/-/mime-types-2.1.35.tgz 430ms (cache miss)
365 timing reifyNode:node_modules/surge/node_modules/mime-types Completed in 516ms
366 http fetch GET 200 https://registry.npmjs.org/chownr/-/chownr-3.0.0.tgz 483ms (cache miss)
367 http fetch GET 200 https://registry.npmjs.org/es-set-tostringtag/-/es-set-tostringtag-2.1.0.tgz 433ms (cache miss)
368 timing reifyNode:node_modules/surge/node_modules/es-set-tostringtag Completed in 521ms
369 http fetch GET 200 https://registry.npmjs.org/function-bind/-/function-bind-1.1.2.tgz 446ms (cache miss)
370 http fetch GET 200 https://registry.npmjs.org/url-parse-as-address/-/url-parse-as-address-1.0.0.tgz 419ms (cache miss)
371 timing reifyNode:node_modules/surge/node_modules/url-parse-as-address Completed in 524ms
372 timing reifyNode:node_modules/surge/node_modules/get-proto Completed in 526ms
373 http fetch GET 200 https://registry.npmjs.org/hasown/-/hasown-2.0.2.tgz 439ms (cache miss)
374 timing reifyNode:node_modules/surge/node_modules/hasown Completed in 527ms
375 http fetch GET 200 https://registry.npmjs.org/string-width/-/string-width-4.2.3.tgz 434ms (cache miss)
376 timing reifyNode:node_modules/surge/node_modules/string-width Completed in 527ms
377 http fetch GET 200 https://registry.npmjs.org/surge-sdk/-/surge-sdk-0.10.1.tgz 422ms (cache miss)
378 timing reifyNode:node_modules/surge/node_modules/surge-sdk Completed in 528ms
379 timing reifyNode:node_modules/surge/node_modules/chownr Completed in 555ms
380 http fetch GET 200 https://registry.npmjs.org/es-object-atoms/-/es-object-atoms-1.1.1.tgz 478ms (cache miss)
381 http fetch GET 200 https://registry.npmjs.org/progress/-/progress-2.0.3.tgz 442ms (cache miss)
382 timing reifyNode:node_modules/surge/node_modules/progress Completed in 556ms
383 http fetch GET 200 https://registry.npmjs.org/is-domain/-/is-domain-0.0.1.tgz 441ms (cache miss)
384 timing reifyNode:node_modules/surge/node_modules/is-domain Completed in 555ms
385 http fetch GET 200 https://registry.npmjs.org/delayed-stream/-/delayed-stream-1.0.0.tgz 474ms (cache miss)
386 timing reifyNode:node_modules/surge/node_modules/delayed-stream Completed in 558ms
387 http fetch GET 200 https://registry.npmjs.org/proxy-from-env/-/proxy-from-env-1.1.0.tgz 463ms (cache miss)
388 timing reifyNode:node_modules/surge/node_modules/proxy-from-env Completed in 558ms
389 http fetch GET 200 https://registry.npmjs.org/read/-/read-1.0.5.tgz 451ms (cache miss)
390 http fetch GET 200 https://registry.npmjs.org/minimist/-/minimist-1.2.8.tgz 443ms (cache miss)
391 timing reifyNode:node_modules/surge/node_modules/function-bind Completed in 571ms
392 http fetch GET 200 https://registry.npmjs.org/has-tostringtag/-/has-tostringtag-1.0.2.tgz 490ms (cache miss)
393 timing reifyNode:node_modules/surge/node_modules/read Completed in 573ms
394 http fetch GET 200 https://registry.npmjs.org/surge-ignore/-/surge-ignore-0.3.0.tgz 470ms (cache miss)
395 timing reifyNode:node_modules/surge/node_modules/surge-ignore Completed in 577ms
396 http fetch GET 200 https://registry.npmjs.org/surge-stream/-/surge-stream-0.10.1.tgz 473ms (cache miss)
397 timing reifyNode:node_modules/surge/node_modules/surge-stream Completed in 577ms
398 http fetch GET 200 https://registry.npmjs.org/follow-redirects/-/follow-redirects-1.16.0.tgz 474ms (cache miss)
399 timing reifyNode:node_modules/surge/node_modules/follow-redirects Completed in 577ms
400 http fetch GET 200 https://registry.npmjs.org/gopd/-/gopd-1.2.0.tgz 509ms (cache miss)
401 timing reifyNode:node_modules/surge/node_modules/gopd Completed in 584ms
402 timing reifyNode:node_modules/surge/node_modules/es-object-atoms Completed in 587ms
403 http fetch GET 200 https://registry.npmjs.org/cli-table3/-/cli-table3-0.6.5.tgz 468ms (cache miss)
404 http fetch GET 200 https://registry.npmjs.org/human-readable-numbers/-/human-readable-numbers-0.9.5.tgz 471ms (cache miss)
405 timing reifyNode:node_modules/surge/node_modules/human-readable-numbers Completed in 586ms
406 timing reifyNode:node_modules/surge/node_modules/has-tostringtag Completed in 589ms
407 http fetch GET 200 https://registry.npmjs.org/has-symbols/-/has-symbols-1.1.0.tgz 516ms (cache miss)
408 http fetch GET 200 https://registry.npmjs.org/netrc/-/netrc-0.1.4.tgz 477ms (cache miss)
409 timing reifyNode:node_modules/surge/node_modules/netrc Completed in 589ms
410 http fetch GET 200 https://registry.npmjs.org/call-bind-apply-helpers/-/call-bind-apply-helpers-1.0.2.tgz 512ms (cache miss)
411 http fetch GET 200 https://registry.npmjs.org/dunder-proto/-/dunder-proto-1.0.1.tgz 524ms (cache miss)
412 timing reifyNode:node_modules/surge/node_modules/dunder-proto Completed in 594ms
413 http fetch GET 200 https://registry.npmjs.org/ignore/-/ignore-7.0.5.tgz 478ms (cache miss)
414 timing reifyNode:node_modules/surge/node_modules/ignore Completed in 593ms
415 http fetch GET 200 https://registry.npmjs.org/yallist/-/yallist-5.0.0.tgz 566ms (cache miss)
416 timing reifyNode:node_modules/surge/node_modules/yallist Completed in 598ms
417 timing reifyNode:node_modules/surge/node_modules/cli-table3 Completed in 594ms
418 timing reifyNode:node_modules/surge/node_modules/has-symbols Completed in 598ms
419 timing reifyNode:node_modules/surge/node_modules/call-bind-apply-helpers Completed in 600ms
420 http fetch GET 200 https://registry.npmjs.org/get-intrinsic/-/get-intrinsic-1.3.0.tgz 517ms (cache miss)
421 timing reifyNode:node_modules/surge/node_modules/get-intrinsic Completed in 600ms
422 http fetch GET 200 https://registry.npmjs.org/form-data/-/form-data-4.0.5.tgz 504ms (cache miss)
423 timing reifyNode:node_modules/surge/node_modules/form-data Completed in 600ms
424 http fetch GET 200 https://registry.npmjs.org/es-errors/-/es-errors-1.3.0.tgz 515ms (cache miss)
425 http fetch GET 200 https://registry.npmjs.org/mime-db/-/mime-db-1.52.0.tgz 542ms (cache miss)
426 timing reifyNode:node_modules/surge/node_modules/mime-db Completed in 608ms
427 timing reifyNode:node_modules/surge/node_modules/es-errors Completed in 609ms
428 http fetch GET 200 https://registry.npmjs.org/asynckit/-/asynckit-0.4.0.tgz 519ms (cache miss)
429 http fetch GET 200 https://registry.npmjs.org/moniker/-/moniker-0.1.2.tgz 500ms (cache miss)
430 timing reifyNode:node_modules/surge/node_modules/moniker Completed in 613ms
431 http fetch GET 200 https://registry.npmjs.org/xbytes/-/xbytes-1.9.1.tgz 513ms (cache miss)
432 timing reifyNode:node_modules/surge/node_modules/xbytes Completed in 616ms
433 timing reifyNode:node_modules/surge/node_modules/asynckit Completed in 618ms
434 http fetch GET 200 https://registry.npmjs.org/colors/-/colors-1.4.0.tgz 503ms (cache miss)
435 http fetch GET 200 https://registry.npmjs.org/@colors/colors/-/colors-1.5.0.tgz 528ms (cache miss)
436 http fetch GET 200 https://registry.npmjs.org/@isaacs/fs-minipass/-/fs-minipass-4.0.1.tgz 589ms (cache miss)
437 timing reifyNode:node_modules/surge/node_modules/@isaacs/fs-minipass Completed in 625ms
438 timing reifyNode:node_modules/surge/node_modules/@colors/colors Completed in 624ms
439 timing reifyNode:node_modules/surge/node_modules/colors Completed in 621ms
440 timing reifyNode:node_modules/surge/node_modules/minimist Completed in 624ms
441 http fetch GET 200 https://registry.npmjs.org/math-intrinsics/-/math-intrinsics-1.1.0.tgz 559ms (cache miss)
442 timing reifyNode:node_modules/surge/node_modules/math-intrinsics Completed in 632ms
443 http fetch GET 200 https://registry.npmjs.org/minizlib/-/minizlib-3.1.0.tgz 604ms (cache miss)
444 timing reifyNode:node_modules/surge/node_modules/minizlib Completed in 637ms
445 http fetch GET 200 https://registry.npmjs.org/minipass/-/minipass-7.1.3.tgz 604ms (cache miss)
446 timing reifyNode:node_modules/surge/node_modules/minipass Completed in 638ms
447 http fetch GET 200 https://registry.npmjs.org/babar/-/babar-0.2.3.tgz 517ms (cache miss)
448 timing reifyNode:node_modules/surge/node_modules/babar Completed in 634ms
449 http fetch GET 200 https://registry.npmjs.org/surge/-/surge-0.27.3.tgz 555ms (cache miss)
450 timing reifyNode:node_modules/surge Completed in 686ms
451 http fetch GET 200 https://registry.npmjs.org/prompts/-/prompts-2.4.2.tgz 596ms (cache miss)
452 timing reifyNode:node_modules/surge/node_modules/prompts Completed in 709ms
453 http fetch GET 200 https://registry.npmjs.org/axios/-/axios-1.13.5.tgz 647ms (cache miss)
454 timing reifyNode:node_modules/surge/node_modules/axios Completed in 766ms
455 http fetch GET 200 https://registry.npmjs.org/tar/-/tar-7.5.9.tgz 767ms (cache miss)
456 timing reifyNode:node_modules/surge/node_modules/tar Completed in 806ms
457 timing reify:unpack Completed in 807ms
458 timing reify:unretire Completed in 0ms
459 timing build:queue Completed in 3ms
460 timing build:link:node_modules/surge Completed in 1ms
461 timing build:link Completed in 1ms
462 timing build:deps Completed in 5ms
463 timing build Completed in 5ms
464 timing reify:build Completed in 5ms
465 timing reify:trash Completed in 0ms
466 timing reify Completed in 2023ms
467 silly ADD node_modules/surge
468 silly ADD node_modules/surge/node_modules/yallist
469 silly ADD node_modules/surge/node_modules/minizlib
470 silly ADD node_modules/surge/node_modules/minipass
471 silly ADD node_modules/surge/node_modules/chownr
472 silly ADD node_modules/surge/node_modules/@isaacs/fs-minipass
473 silly ADD node_modules/surge/node_modules/through
474 silly ADD node_modules/surge/node_modules/tar
475 silly ADD node_modules/surge/node_modules/split
476 silly ADD node_modules/surge/node_modules/ansi-regex
477 silly ADD node_modules/surge/node_modules/strip-ansi
478 silly ADD node_modules/surge/node_modules/is-fullwidth-code-point
479 silly ADD node_modules/surge/node_modules/emoji-regex
480 silly ADD node_modules/surge/node_modules/mute-stream
481 silly ADD node_modules/surge/node_modules/sisteransi
482 silly ADD node_modules/surge/node_modules/kleur
483 silly ADD node_modules/surge/node_modules/mime-db
484 silly ADD node_modules/surge/node_modules/dunder-proto
485 silly ADD node_modules/surge/node_modules/math-intrinsics
486 silly ADD node_modules/surge/node_modules/has-symbols
487 silly ADD node_modules/surge/node_modules/gopd
488 silly ADD node_modules/surge/node_modules/get-proto
489 silly ADD node_modules/surge/node_modules/function-bind
490 silly ADD node_modules/surge/node_modules/es-object-atoms
491 silly ADD node_modules/surge/node_modules/es-define-property
492 silly ADD node_modules/surge/node_modules/call-bind-apply-helpers
493 silly ADD node_modules/surge/node_modules/has-tostringtag
494 silly ADD node_modules/surge/node_modules/get-intrinsic
495 silly ADD node_modules/surge/node_modules/es-errors
496 silly ADD node_modules/surge/node_modules/delayed-stream
497 silly ADD node_modules/surge/node_modules/mime-types
498 silly ADD node_modules/surge/node_modules/hasown
499 silly ADD node_modules/surge/node_modules/es-set-tostringtag
500 silly ADD node_modules/surge/node_modules/combined-stream
501 silly ADD node_modules/surge/node_modules/asynckit
502 silly ADD node_modules/surge/node_modules/string-width
503 silly ADD node_modules/surge/node_modules/@colors/colors
504 silly ADD node_modules/surge/node_modules/proxy-from-env
505 silly ADD node_modules/surge/node_modules/form-data
506 silly ADD node_modules/surge/node_modules/follow-redirects
507 silly ADD node_modules/surge/node_modules/xbytes
508 silly ADD node_modules/surge/node_modules/url-parse-as-address
509 silly ADD node_modules/surge/node_modules/surge-stream
510 silly ADD node_modules/surge/node_modules/surge-sdk
511 silly ADD node_modules/surge/node_modules/surge-ignore
512 silly ADD node_modules/surge/node_modules/read
513 silly ADD node_modules/surge/node_modules/prompts
514 silly ADD node_modules/surge/node_modules/progress
515 silly ADD node_modules/surge/node_modules/netrc
516 silly ADD node_modules/surge/node_modules/moniker
517 silly ADD node_modules/surge/node_modules/minimist
518 silly ADD node_modules/surge/node_modules/is-domain
519 silly ADD node_modules/surge/node_modules/ignore
520 silly ADD node_modules/surge/node_modules/human-readable-numbers
521 silly ADD node_modules/surge/node_modules/colors
522 silly ADD node_modules/surge/node_modules/cli-table3
523 silly ADD node_modules/surge/node_modules/babar
524 silly ADD node_modules/surge/node_modules/axios
525 timing command:install Completed in 2028ms
526 notice
526 notice New major version of npm available! 10.1.0 -> 11.12.1
526 notice Changelog: <https://github.com/npm/cli/releases/tag/v11.12.1>
526 notice Run `npm install -g npm@11.12.1` to update!
526 notice
527 verbose exit 0
528 timing npm Completed in 2298ms
529 info ok
